SRA values: ['SRR5660030', 'SRR5660033', 'SRR5660044', 'SRR5660045']
The HCMV genome (EF999921) has 168 CDS.
target_id test_stat pval qval

ABV71622.1 15.805806906961 7.01867687190805e-05 0.00781432744109781

ABV71646.1 14.9424361898302 0.000110841523987203 0.00781432744109781

ABV71595.1 12.1686669021995 0.000485990280238152 0.0211995523943919

ABV71505.1 11.4334864952422 0.0007213220690327 0.0211995523943919

ABV71626.1 11.3567138578502 0.000751757177106095 0.0211995523943919

ABV71605.1 10.2691823727887 0.0013527073719023 0.0239296875606351

ABV71560.1 10.0865716578832 0.00149353720575191 0.0239296875606351

ABV71604.1 10.0684571400932 0.00150829282720866 0.0239296875606351

ABV71651.1 10.0452329482549 0.00152742686557245 0.0239296875606351

ABV71561.1 9.7917403994899 0.00175297470526714 0.0247169433442667

ABV71507.1 8.3464466736553 0.00386442343395243 0.0495348821988448

Donor 1 (2dpi) had 15000.0 read pairs before Bowtie2 filtering and 8636.0 pairs after.
Donor 1 (6dpi) had 15000.0 read pairs before Bowtie2 filtering and 7664.0 pairs after.
Donor 3 (2dpi) had 15000.0 read pairs before Bowtie2 filtering and 9734.0 pairs after.
Donor 3 (6dpi) had 15000.0 read pairs before Bowtie2 filtering and 7422.0 pairs after.
spades -k 55,77,99,127 -t 2 --only-assembler --pe1-1 BOW_SRR5660030.1.fastq --pe1-2 BOW_SRR5660030.2.fastq --pe2-1 BOW_SRR5660033.1.fastq --pe2-2 BOW_SRR5660033.2.fastq --pe3-1 BOW_SRR5660044.1.fastq --pe3-2 BOW_SRR5660044.2.fastq --pe4-1 BOW_SRR5660045.1.fastq --pe4-2 BOW_SRR5660045.2.fastq -o SpadesAssembly/
There are 54 contigs > 1000 bp in the assembly.
There are 82263 bp in the assembly.
SRA values: ['SRR5660030', 'SRR5660033', 'SRR5660044', 'SRR5660045']
The HCMV genome (EF999921) has 168 CDS.
target_id test_stat pval qval

ABV71622.1 15.805806906961 7.01867687190805e-05 0.00781432744109781

ABV71646.1 14.9424361898302 0.000110841523987203 0.00781432744109781

ABV71595.1 12.1686669021995 0.000485990280238152 0.0211995523943919

ABV71505.1 11.4334864952422 0.0007213220690327 0.0211995523943919

ABV71626.1 11.3567138578502 0.000751757177106095 0.0211995523943919

ABV71605.1 10.2691823727887 0.0013527073719023 0.0239296875606351

ABV71560.1 10.0865716578832 0.00149353720575191 0.0239296875606351

ABV71604.1 10.0684571400932 0.00150829282720866 0.0239296875606351

ABV71651.1 10.0452329482549 0.00152742686557245 0.0239296875606351

ABV71561.1 9.7917403994899 0.00175297470526714 0.0247169433442667

ABV71507.1 8.3464466736553 0.00386442343395243 0.0495348821988448

Donor 1 (2dpi) had 15000.0 read pairs before Bowtie2 filtering and 8636.0 pairs after.
Donor 1 (6dpi) had 15000.0 read pairs before Bowtie2 filtering and 7664.0 pairs after.
Donor 3 (2dpi) had 15000.0 read pairs before Bowtie2 filtering and 9734.0 pairs after.
Donor 3 (6dpi) had 15000.0 read pairs before Bowtie2 filtering and 7422.0 pairs after.
spades -k 55,77,99,127 -t 2 --only-assembler --pe1-1 BOW_SRR5660030.1.fastq --pe1-2 BOW_SRR5660030.2.fastq --pe2-1 BOW_SRR5660033.1.fastq --pe2-2 BOW_SRR5660033.2.fastq --pe3-1 BOW_SRR5660044.1.fastq --pe3-2 BOW_SRR5660044.2.fastq --pe4-1 BOW_SRR5660045.1.fastq --pe4-2 BOW_SRR5660045.2.fastq -o SpadesAssembly/
There are 54 contigs > 1000 bp in the assembly.
There are 82263 bp in the assembly.
SRA values: ['SRR5660030', 'SRR5660033', 'SRR5660044', 'SRR5660045']
The HCMV genome (EF999921) has 168 CDS.
target_id test_stat pval qval

ABV71622.1 15.805806906961 7.01867687190805e-05 0.00781432744109781

ABV71646.1 14.9424361898302 0.000110841523987203 0.00781432744109781

ABV71595.1 12.1686669021995 0.000485990280238152 0.0211995523943919

ABV71505.1 11.4334864952422 0.0007213220690327 0.0211995523943919

ABV71626.1 11.3567138578502 0.000751757177106095 0.0211995523943919

ABV71605.1 10.2691823727887 0.0013527073719023 0.0239296875606351

ABV71560.1 10.0865716578832 0.00149353720575191 0.0239296875606351

ABV71604.1 10.0684571400932 0.00150829282720866 0.0239296875606351

ABV71651.1 10.0452329482549 0.00152742686557245 0.0239296875606351

ABV71561.1 9.7917403994899 0.00175297470526714 0.0247169433442667

ABV71507.1 8.3464466736553 0.00386442343395243 0.0495348821988448

Donor 1 (2dpi) had 15000.0 read pairs before Bowtie2 filtering and 8636.0 pairs after.
Donor 1 (6dpi) had 15000.0 read pairs before Bowtie2 filtering and 7664.0 pairs after.
Donor 3 (2dpi) had 15000.0 read pairs before Bowtie2 filtering and 9734.0 pairs after.
Donor 3 (6dpi) had 15000.0 read pairs before Bowtie2 filtering and 7422.0 pairs after.
spades -k 55,77,99,127 -t 2 --only-assembler --pe1-1 BOW_SRR5660030.1.fastq --pe1-2 BOW_SRR5660030.2.fastq --pe2-1 BOW_SRR5660033.1.fastq --pe2-2 BOW_SRR5660033.2.fastq --pe3-1 BOW_SRR5660044.1.fastq --pe3-2 BOW_SRR5660044.2.fastq --pe4-1 BOW_SRR5660045.1.fastq --pe4-2 BOW_SRR5660045.2.fastq -o SpadesAssembly/
There are 54 contigs > 1000 bp in the assembly.
There are 82263 bp in the assembly.
SRA values: ['SRR5660030', 'SRR5660033', 'SRR5660044', 'SRR5660045']
The HCMV genome (EF999921) has 168 CDS.
target_id test_stat pval qval

ABV71622.1 15.805806906961 7.01867687190805e-05 0.00781432744109781

ABV71646.1 14.9424361898302 0.000110841523987203 0.00781432744109781

ABV71595.1 12.1686669021995 0.000485990280238152 0.0211995523943919

ABV71505.1 11.4334864952422 0.0007213220690327 0.0211995523943919

ABV71626.1 11.3567138578502 0.000751757177106095 0.0211995523943919

ABV71605.1 10.2691823727887 0.0013527073719023 0.0239296875606351

ABV71560.1 10.0865716578832 0.00149353720575191 0.0239296875606351

ABV71604.1 10.0684571400932 0.00150829282720866 0.0239296875606351

ABV71651.1 10.0452329482549 0.00152742686557245 0.0239296875606351

ABV71561.1 9.7917403994899 0.00175297470526714 0.0247169433442667

ABV71507.1 8.3464466736553 0.00386442343395243 0.0495348821988448

Donor 1 (2dpi) had 15000.0 read pairs before Bowtie2 filtering and 8636.0 pairs after.
Donor 1 (6dpi) had 15000.0 read pairs before Bowtie2 filtering and 7664.0 pairs after.
Donor 3 (2dpi) had 15000.0 read pairs before Bowtie2 filtering and 9734.0 pairs after.
Donor 3 (6dpi) had 15000.0 read pairs before Bowtie2 filtering and 7422.0 pairs after.
spades -k 55,77,99,127 -t 2 --only-assembler --pe1-1 BOW_SRR5660030.1.fastq --pe1-2 BOW_SRR5660030.2.fastq --pe2-1 BOW_SRR5660033.1.fastq --pe2-2 BOW_SRR5660033.2.fastq --pe3-1 BOW_SRR5660044.1.fastq --pe3-2 BOW_SRR5660044.2.fastq --pe4-1 BOW_SRR5660045.1.fastq --pe4-2 BOW_SRR5660045.2.fastq -o SpadesAssembly/
There are 54 contigs > 1000 bp in the assembly.
There are 82263 bp in the assembly.
SRA values: ['SRR5660030', 'SRR5660033', 'SRR5660044', 'SRR5660045']
The HCMV genome (EF999921) has 168 CDS.
target_id test_stat pval qval

ABV71622.1 15.805806906961 7.01867687190805e-05 0.00781432744109781

ABV71646.1 14.9424361898302 0.000110841523987203 0.00781432744109781

ABV71595.1 12.1686669021995 0.000485990280238152 0.0211995523943919

ABV71505.1 11.4334864952422 0.0007213220690327 0.0211995523943919

ABV71626.1 11.3567138578502 0.000751757177106095 0.0211995523943919

ABV71605.1 10.2691823727887 0.0013527073719023 0.0239296875606351

ABV71560.1 10.0865716578832 0.00149353720575191 0.0239296875606351

ABV71604.1 10.0684571400932 0.00150829282720866 0.0239296875606351

ABV71651.1 10.0452329482549 0.00152742686557245 0.0239296875606351

ABV71561.1 9.7917403994899 0.00175297470526714 0.0247169433442667

ABV71507.1 8.3464466736553 0.00386442343395243 0.0495348821988448

Donor 1 (2dpi) had 15000.0 read pairs before Bowtie2 filtering and 8636.0 pairs after.
Donor 1 (6dpi) had 15000.0 read pairs before Bowtie2 filtering and 7664.0 pairs after.
Donor 3 (2dpi) had 15000.0 read pairs before Bowtie2 filtering and 9734.0 pairs after.
Donor 3 (6dpi) had 15000.0 read pairs before Bowtie2 filtering and 7422.0 pairs after.
spades -k 55,77,99,127 -t 2 --only-assembler --pe1-1 BOW_SRR5660030.1.fastq --pe1-2 BOW_SRR5660030.2.fastq --pe2-1 BOW_SRR5660033.1.fastq --pe2-2 BOW_SRR5660033.2.fastq --pe3-1 BOW_SRR5660044.1.fastq --pe3-2 BOW_SRR5660044.2.fastq --pe4-1 BOW_SRR5660045.1.fastq --pe4-2 BOW_SRR5660045.2.fastq -o SpadesAssembly/
There are 54 contigs > 1000 bp in the assembly.
There are 82263 bp in the assembly.
SRA values: ['SRR5660030', 'SRR5660033', 'SRR5660044', 'SRR5660045']
The HCMV genome (EF999921) has 168 CDS.
target_id test_stat pval qval

ABV71622.1 15.805806906961 7.01867687190805e-05 0.00781432744109781

ABV71646.1 14.9424361898302 0.000110841523987203 0.00781432744109781

ABV71595.1 12.1686669021995 0.000485990280238152 0.0211995523943919

ABV71505.1 11.4334864952422 0.0007213220690327 0.0211995523943919

ABV71626.1 11.3567138578502 0.000751757177106095 0.0211995523943919

ABV71605.1 10.2691823727887 0.0013527073719023 0.0239296875606351

ABV71560.1 10.0865716578832 0.00149353720575191 0.0239296875606351

ABV71604.1 10.0684571400932 0.00150829282720866 0.0239296875606351

ABV71651.1 10.0452329482549 0.00152742686557245 0.0239296875606351

ABV71561.1 9.7917403994899 0.00175297470526714 0.0247169433442667

ABV71507.1 8.3464466736553 0.00386442343395243 0.0495348821988448

Donor 1 (2dpi) had 15000.0 read pairs before Bowtie2 filtering and 8636.0 pairs after.
Donor 1 (6dpi) had 15000.0 read pairs before Bowtie2 filtering and 7664.0 pairs after.
Donor 3 (2dpi) had 15000.0 read pairs before Bowtie2 filtering and 9734.0 pairs after.
Donor 3 (6dpi) had 15000.0 read pairs before Bowtie2 filtering and 7422.0 pairs after.
spades -k 55,77,99,127 -t 2 --only-assembler --pe1-1 BOW_SRR5660030.1.fastq --pe1-2 BOW_SRR5660030.2.fastq --pe2-1 BOW_SRR5660033.1.fastq --pe2-2 BOW_SRR5660033.2.fastq --pe3-1 BOW_SRR5660044.1.fastq --pe3-2 BOW_SRR5660044.2.fastq --pe4-1 BOW_SRR5660045.1.fastq --pe4-2 BOW_SRR5660045.2.fastq -o SpadesAssembly/
There are 54 contigs > 1000 bp in the assembly.
There are 82263 bp in the assembly.
seq_title	align_len	number_HSPs	topHSP_ident	topHSP_gaps	topHSP_bits	topHSP_expect
Human herpesvirus 5 strain TB40/E clone Lisa, complete genome	237683	63	3129	0	5635.91	0.0
Human herpesvirus 5 strain TB40/E clone TB40-BAC4, complete sequence	229050	63	3129	0	5635.91	0.0
Human herpesvirus 5 isolate TB40-E_UNC, complete genome	228992	63	3128	1	5627.8	0.0
Human herpesvirus 5 strain BE/43/2011, complete genome	235100	62	3127	0	5626.9	0.0
Human herpesvirus 5 strain CZ/2/2012, complete genome	235226	62	3127	0	5626.9	0.0
Human herpesvirus 5 strain PAV21, complete genome	235901	62	3127	0	5626.9	0.0
Human herpesvirus 5 strain HAN16, complete genome	235112	63	3127	0	5626.9	0.0
Human herpesvirus 5 strain PAV12, complete genome	235616	62	3126	0	5622.39	0.0
Human herpesvirus 5 strain PAV1, complete genome	235815	62	3126	0	5622.39	0.0
seq_title	align_len	number_HSPs	topHSP_ident	topHSP_gaps	topHSP_bits	topHSP_expect
Human herpesvirus 5 strain TB40/E clone Lisa, complete genome	237683	63	3129	0	5635.91	0.0
Human herpesvirus 5 strain TB40/E clone TB40-BAC4, complete sequence	229050	63	3129	0	5635.91	0.0
Human herpesvirus 5 isolate TB40-E_UNC, complete genome	228992	63	3128	1	5627.8	0.0
Human herpesvirus 5 strain BE/43/2011, complete genome	235100	62	3127	0	5626.9	0.0
Human herpesvirus 5 strain CZ/2/2012, complete genome	235226	62	3127	0	5626.9	0.0
Human herpesvirus 5 strain PAV21, complete genome	235901	62	3127	0	5626.9	0.0
Human herpesvirus 5 strain HAN16, complete genome	235112	63	3127	0	5626.9	0.0
Human herpesvirus 5 strain PAV12, complete genome	235616	62	3126	0	5622.39	0.0
Human herpesvirus 5 strain PAV1, complete genome	235815	62	3126	0	5622.39	0.0
seq_title	align_len	number_HSPs	topHSP_ident	topHSP_gaps	topHSP_bits	topHSP_expect
Human herpesvirus 5 strain TB40/E clone Lisa, complete genome	237683	63	3129	0	5635.91	0.0
Human herpesvirus 5 strain TB40/E clone TB40-BAC4, complete sequence	229050	63	3129	0	5635.91	0.0
Human herpesvirus 5 isolate TB40-E_UNC, complete genome	228992	63	3128	1	5627.8	0.0
Human herpesvirus 5 strain BE/43/2011, complete genome	235100	62	3127	0	5626.9	0.0
Human herpesvirus 5 strain CZ/2/2012, complete genome	235226	62	3127	0	5626.9	0.0
Human herpesvirus 5 strain PAV21, complete genome	235901	62	3127	0	5626.9	0.0
Human herpesvirus 5 strain HAN16, complete genome	235112	63	3127	0	5626.9	0.0
Human herpesvirus 5 strain PAV12, complete genome	235616	62	3126	0	5622.39	0.0
Human herpesvirus 5 strain PAV1, complete genome	235815	62	3126	0	5622.39	0.0
seq_title	align_len	number_HSPs	topHSP_ident	topHSP_gaps	topHSP_bits	topHSP_expect
Human herpesvirus 5 strain TB40/E clone Lisa, complete genome	237683	63	3129	0	5635.91	0.0
Human herpesvirus 5 strain TB40/E clone TB40-BAC4, complete sequence	229050	63	3129	0	5635.91	0.0
Human herpesvirus 5 isolate TB40-E_UNC, complete genome	228992	63	3128	1	5627.8	0.0
Human herpesvirus 5 strain BE/43/2011, complete genome	235100	62	3127	0	5626.9	0.0
Human herpesvirus 5 strain CZ/2/2012, complete genome	235226	62	3127	0	5626.9	0.0
Human herpesvirus 5 strain PAV21, complete genome	235901	62	3127	0	5626.9	0.0
Human herpesvirus 5 strain HAN16, complete genome	235112	63	3127	0	5626.9	0.0
Human herpesvirus 5 strain PAV12, complete genome	235616	62	3126	0	5622.39	0.0
Human herpesvirus 5 strain PAV1, complete genome	235815	62	3126	0	5622.39	0.0
seq_title	align_len	number_HSPs	topHSP_ident	topHSP_gaps	topHSP_bits	topHSP_expect
Human herpesvirus 5 strain TB40/E clone Lisa, complete genome	237683	63	3129	0	5635.91	0.0
Human herpesvirus 5 strain TB40/E clone TB40-BAC4, complete sequence	229050	63	3129	0	5635.91	0.0
Human herpesvirus 5 isolate TB40-E_UNC, complete genome	228992	63	3128	1	5627.8	0.0
Human herpesvirus 5 strain BE/43/2011, complete genome	235100	62	3127	0	5626.9	0.0
Human herpesvirus 5 strain CZ/2/2012, complete genome	235226	62	3127	0	5626.9	0.0
Human herpesvirus 5 strain PAV21, complete genome	235901	62	3127	0	5626.9	0.0
Human herpesvirus 5 strain HAN16, complete genome	235112	63	3127	0	5626.9	0.0
Human herpesvirus 5 strain PAV12, complete genome	235616	62	3126	0	5622.39	0.0
Human herpesvirus 5 strain PAV1, complete genome	235815	62	3126	0	5622.39	0.0
